==========================================
Repository Verification and Branch Setup
Started: Mon Dec 29 16:49:11 +04 2025
==========================================

ðŸ“¥ Step 1: Cloning repository...
Cloning into '/Users/karim-f/Code/nivostack-monorepo-checkout'...
âœ… Repository cloned to: /Users/karim-f/Code/nivostack-monorepo-checkout

ðŸ” Step 2: Verifying repository contents...
Current branch: main
Total commits: 1
Last commit: f3e0df0 Initial commit - NivoStack monorepo

Repository structure:
total 7128
drwxr-xr-x@ 35 karim-f  staff     1120 Dec 29 16:49 .
drwxr-xr-x  18 karim-f  staff      576 Dec 29 16:49 ..
-rw-r--r--@  1 karim-f  staff    14340 Dec 29 16:49 .DS_Store
-rw-r--r--@  1 karim-f  staff      245 Dec 29 16:49 .env.example
-rw-r--r--@  1 karim-f  staff     3114 Dec 29 16:49 .env.local
-rw-r--r--@  1 karim-f  staff     3084 Dec 29 16:49 .env.local.backup
-rw-r--r--@  1 karim-f  staff     2990 Dec 29 16:49 .env.local.bak
drwxr-xr-x@ 12 karim-f  staff      384 Dec 29 16:49 .git
-rw-r--r--@  1 karim-f  staff      200 Dec 29 16:49 .gitignore
drwxr-xr-x@  3 karim-f  staff       96 Dec 29 16:49 .next
drwxr-xr-x@  4 karim-f  staff      128 Dec 29 16:49 .vercel
-rw-r--r--@  1 karim-f  staff     1473 Dec 29 16:49 BACKUP_AND_PUSH_STEPS.md
-rw-r--r--@  1 karim-f  staff     1567 Dec 29 16:49 EXECUTE_PUSH.md
-rw-r--r--@  1 karim-f  staff     1648 Dec 29 16:49 PUSH_STATUS.md

ðŸŒ Step 3: Remote configuration...
origin	https://github.com/iplixera/nivostack-monorepo.git (fetch)
origin	https://github.com/iplixera/nivostack-monorepo.git (push)

ðŸ”„ Step 4: Checking sync status...
âœ… Branch main is in sync with remote

ðŸŒ¿ Step 5: Setting up branch strategy...

Your branch is up to date with 'origin/main'.
Creating develop branch...
Switched to a new branch 'develop'
âœ… Created develop branch

âœ… Created release/v1.0.0 branch
âœ… Created release/v1.1.0 branch

Switched to branch 'main'
Your branch is up to date with 'origin/main'.

ðŸ“¤ Step 6: Pushing branches to remote...

Pushing main...
Everything up-to-date
Pushing develop...
remote: 
remote: Create a pull request for 'develop' on GitHub by visiting:        
remote:      https://github.com/iplixera/nivostack-monorepo/pull/new/develop        
remote: 
To https://github.com/iplixera/nivostack-monorepo.git
 * [new branch]      develop -> develop
Pushing release/v1.0.0...
remote: 
remote: Create a pull request for 'release/v1.0.0' on GitHub by visiting:        
remote:      https://github.com/iplixera/nivostack-monorepo/pull/new/release/v1.0.0        
remote: 
To https://github.com/iplixera/nivostack-monorepo.git
 * [new branch]      release/v1.0.0 -> release/v1.0.0
Pushing release/v1.1.0...
remote: 
remote: Create a pull request for 'release/v1.1.0' on GitHub by visiting:        
remote:      https://github.com/iplixera/nivostack-monorepo/pull/new/release/v1.1.0        
remote: 
To https://github.com/iplixera/nivostack-monorepo.git
 * [new branch]      release/v1.1.0 -> release/v1.1.0

ðŸ” Step 7: Final branch structure...

Local branches:
  develop
* main
  release/v1.0.0
  release/v1.1.0

Remote branches:
  origin/HEAD -> origin/main
  origin/develop
  origin/main
  origin/release/v1.0.0
  origin/release/v1.1.0

==========================================
Summary
==========================================
Repository: https://github.com/iplixera/nivostack-monorepo.git
Local checkout: /Users/karim-f/Code/nivostack-monorepo-checkout
Current branch: main
Total commits: 1

Branch Strategy:
  âœ… main - Production-ready code
  âœ… develop - Development branch
  âœ… release/v1.0.0 - Release branch for v1.0.0
  âœ… release/v1.1.0 - Release branch for v1.1.0

All branches created and pushed!
==========================================

Log saved to: verify-repo.log
Completed: Mon Dec 29 16:50:05 +04 2025
